<?xml version="1.0" encoding="UTF-8"?>
<testsuite xmlns:xsi="http://www.w3.org/2001/XMLSchema-instance" xsi:noNamespaceSchemaLocation="https://maven.apache.org/surefire/maven-surefire-plugin/xsd/surefire-test-report-3.0.xsd" version="3.0" name="TestSuite" time="35.418" tests="5" errors="0" skipped="0" failures="1">
  <properties>
    <property name="sun.desktop" value="windows"/>
    <property name="awt.toolkit" value="sun.awt.windows.WToolkit"/>
    <property name="file.encoding.pkg" value="sun.io"/>
    <property name="java.specification.version" value="1.8"/>
    <property name="webdriver.chrome.driver" value="C:\Users\minal\Downloads\chromedriver_win32\chromedriver.exe"/>
    <property name="sun.cpu.isalist" value="amd64"/>
    <property name="sun.jnu.encoding" value="Cp1252"/>
    <property name="java.class.path" value="C:\Users\minal\workspace\End2EndProject\target\test-classes;C:\Users\minal\workspace\End2EndProject\target\classes;C:\Users\minal\.m2\repository\com\aventstack\extentreports\5.0.8\extentreports-5.0.8.jar;C:\Users\minal\.m2\repository\io\reactivex\rxjava3\rxjava\3.0.4\rxjava-3.0.4.jar;C:\Users\minal\.m2\repository\org\reactivestreams\reactive-streams\1.0.3\reactive-streams-1.0.3.jar;C:\Users\minal\.m2\repository\org\freemarker\freemarker\2.3.30\freemarker-2.3.30.jar;C:\Users\minal\.m2\repository\org\projectlombok\lombok\1.18.12\lombok-1.18.12.jar;C:\Users\minal\.m2\repository\com\google\code\gson\gson\2.8.6\gson-2.8.6.jar;C:\Users\minal\.m2\repository\commons-io\commons-io\2.11.0\commons-io-2.11.0.jar;C:\Users\minal\.m2\repository\org\seleniumhq\selenium\selenium-java\4.0.0-rc-1\selenium-java-4.0.0-rc-1.jar;C:\Users\minal\.m2\repository\org\seleniumhq\selenium\selenium-api\4.0.0-rc-1\selenium-api-4.0.0-rc-1.jar;C:\Users\minal\.m2\repository\org\seleniumhq\selenium\selenium-chrome-driver\4.0.0-rc-1\selenium-chrome-driver-4.0.0-rc-1.jar;C:\Users\minal\.m2\repository\com\google\auto\service\auto-service-annotations\1.0\auto-service-annotations-1.0.jar;C:\Users\minal\.m2\repository\com\google\auto\service\auto-service\1.0\auto-service-1.0.jar;C:\Users\minal\.m2\repository\com\google\auto\auto-common\1.0\auto-common-1.0.jar;C:\Users\minal\.m2\repository\com\google\guava\guava\30.1.1-jre\guava-30.1.1-jre.jar;C:\Users\minal\.m2\repository\com\google\guava\failureaccess\1.0.1\failureaccess-1.0.1.jar;C:\Users\minal\.m2\repository\com\google\guava\listenablefuture\9999.0-empty-to-avoid-conflict-with-guava\listenablefuture-9999.0-empty-to-avoid-conflict-with-guava.jar;C:\Users\minal\.m2\repository\com\google\code\findbugs\jsr305\3.0.2\jsr305-3.0.2.jar;C:\Users\minal\.m2\repository\org\checkerframework\checker-qual\3.8.0\checker-qual-3.8.0.jar;C:\Users\minal\.m2\repository\com\google\errorprone\error_prone_annotations\2.5.1\error_prone_annotations-2.5.1.jar;C:\Users\minal\.m2\repository\com\google\j2objc\j2objc-annotations\1.3\j2objc-annotations-1.3.jar;C:\Users\minal\.m2\repository\org\seleniumhq\selenium\selenium-chromium-driver\4.0.0-rc-1\selenium-chromium-driver-4.0.0-rc-1.jar;C:\Users\minal\.m2\repository\org\seleniumhq\selenium\selenium-devtools\4.0.0-rc-1\selenium-devtools-4.0.0-rc-1.jar;C:\Users\minal\.m2\repository\org\seleniumhq\selenium\selenium-http\4.0.0-rc-1\selenium-http-4.0.0-rc-1.jar;C:\Users\minal\.m2\repository\org\seleniumhq\selenium\selenium-json\4.0.0-rc-1\selenium-json-4.0.0-rc-1.jar;C:\Users\minal\.m2\repository\org\seleniumhq\selenium\selenium-devtools-v85\4.0.0-rc-1\selenium-devtools-v85-4.0.0-rc-1.jar;C:\Users\minal\.m2\repository\org\seleniumhq\selenium\selenium-devtools-v92\4.0.0-rc-1\selenium-devtools-v92-4.0.0-rc-1.jar;C:\Users\minal\.m2\repository\org\seleniumhq\selenium\selenium-devtools-v93\4.0.0-rc-1\selenium-devtools-v93-4.0.0-rc-1.jar;C:\Users\minal\.m2\repository\org\seleniumhq\selenium\selenium-edge-driver\4.0.0-rc-1\selenium-edge-driver-4.0.0-rc-1.jar;C:\Users\minal\.m2\repository\org\seleniumhq\selenium\selenium-firefox-driver\4.0.0-rc-1\selenium-firefox-driver-4.0.0-rc-1.jar;C:\Users\minal\.m2\repository\org\seleniumhq\selenium\selenium-firefox-xpi-driver\4.0.0-rc-1\selenium-firefox-xpi-driver-4.0.0-rc-1.jar;C:\Users\minal\.m2\repository\org\seleniumhq\selenium\selenium-ie-driver\4.0.0-rc-1\selenium-ie-driver-4.0.0-rc-1.jar;C:\Users\minal\.m2\repository\org\seleniumhq\selenium\selenium-opera-driver\4.0.0-rc-1\selenium-opera-driver-4.0.0-rc-1.jar;C:\Users\minal\.m2\repository\org\seleniumhq\selenium\selenium-remote-driver\4.0.0-rc-1\selenium-remote-driver-4.0.0-rc-1.jar;C:\Users\minal\.m2\repository\io\netty\netty-buffer\4.1.67.Final\netty-buffer-4.1.67.Final.jar;C:\Users\minal\.m2\repository\io\netty\netty-codec-http\4.1.67.Final\netty-codec-http-4.1.67.Final.jar;C:\Users\minal\.m2\repository\io\netty\netty-codec\4.1.67.Final\netty-codec-4.1.67.Final.jar;C:\Users\minal\.m2\repository\io\netty\netty-handler\4.1.67.Final\netty-handler-4.1.67.Final.jar;C:\Users\minal\.m2\repository\io\netty\netty-common\4.1.67.Final\netty-common-4.1.67.Final.jar;C:\Users\minal\.m2\repository\io\netty\netty-transport-native-epoll\4.1.67.Final\netty-transport-native-epoll-4.1.67.Final.jar;C:\Users\minal\.m2\repository\io\netty\netty-transport-native-kqueue\4.1.67.Final\netty-transport-native-kqueue-4.1.67.Final.jar;C:\Users\minal\.m2\repository\io\netty\netty-transport-native-unix-common\4.1.67.Final\netty-transport-native-unix-common-4.1.67.Final.jar;C:\Users\minal\.m2\repository\io\netty\netty-transport\4.1.67.Final\netty-transport-4.1.67.Final.jar;C:\Users\minal\.m2\repository\io\netty\netty-resolver\4.1.67.Final\netty-resolver-4.1.67.Final.jar;C:\Users\minal\.m2\repository\io\opentelemetry\opentelemetry-api\1.5.0\opentelemetry-api-1.5.0.jar;C:\Users\minal\.m2\repository\io\opentelemetry\opentelemetry-context\1.5.0\opentelemetry-context-1.5.0.jar;C:\Users\minal\.m2\repository\io\opentelemetry\opentelemetry-exporter-logging\1.5.0\opentelemetry-exporter-logging-1.5.0.jar;C:\Users\minal\.m2\repository\io\opentelemetry\opentelemetry-sdk-metrics\1.5.0-alpha\opentelemetry-sdk-metrics-1.5.0-alpha.jar;C:\Users\minal\.m2\repository\io\opentelemetry\opentelemetry-sdk-common\1.5.0\opentelemetry-sdk-common-1.5.0.jar;C:\Users\minal\.m2\repository\io\opentelemetry\opentelemetry-sdk-extension-autoconfigure\1.5.0-alpha\opentelemetry-sdk-extension-autoconfigure-1.5.0-alpha.jar;C:\Users\minal\.m2\repository\io\opentelemetry\opentelemetry-sdk-trace\1.5.0\opentelemetry-sdk-trace-1.5.0.jar;C:\Users\minal\.m2\repository\io\opentelemetry\opentelemetry-api-metrics\1.5.0-alpha\opentelemetry-api-metrics-1.5.0-alpha.jar;C:\Users\minal\.m2\repository\io\opentelemetry\opentelemetry-sdk\1.5.0\opentelemetry-sdk-1.5.0.jar;C:\Users\minal\.m2\repository\io\opentelemetry\opentelemetry-semconv\1.5.0-alpha\opentelemetry-semconv-1.5.0-alpha.jar;C:\Users\minal\.m2\repository\io\ous\jtoml\2.0.0\jtoml-2.0.0.jar;C:\Users\minal\.m2\repository\net\bytebuddy\byte-buddy\1.11.13\byte-buddy-1.11.13.jar;C:\Users\minal\.m2\repository\org\apache\commons\commons-exec\1.3\commons-exec-1.3.jar;C:\Users\minal\.m2\repository\org\asynchttpclient\async-http-client\2.12.3\async-http-client-2.12.3.jar;C:\Users\minal\.m2\repository\org\asynchttpclient\async-http-client-netty-utils\2.12.3\async-http-client-netty-utils-2.12.3.jar;C:\Users\minal\.m2\repository\io\netty\netty-codec-socks\4.1.60.Final\netty-codec-socks-4.1.60.Final.jar;C:\Users\minal\.m2\repository\io\netty\netty-handler-proxy\4.1.60.Final\netty-handler-proxy-4.1.60.Final.jar;C:\Users\minal\.m2\repository\io\netty\netty-transport-native-epoll\4.1.60.Final\netty-transport-native-epoll-4.1.60.Final-linux-x86_64.jar;C:\Users\minal\.m2\repository\io\netty\netty-transport-native-kqueue\4.1.60.Final\netty-transport-native-kqueue-4.1.60.Final-osx-x86_64.jar;C:\Users\minal\.m2\repository\com\typesafe\netty\netty-reactive-streams\2.0.4\netty-reactive-streams-2.0.4.jar;C:\Users\minal\.m2\repository\org\slf4j\slf4j-api\1.7.30\slf4j-api-1.7.30.jar;C:\Users\minal\.m2\repository\com\sun\activation\jakarta.activation\1.2.2\jakarta.activation-1.2.2.jar;C:\Users\minal\.m2\repository\org\seleniumhq\selenium\selenium-safari-driver\4.0.0-rc-1\selenium-safari-driver-4.0.0-rc-1.jar;C:\Users\minal\.m2\repository\org\seleniumhq\selenium\selenium-support\4.0.0-rc-1\selenium-support-4.0.0-rc-1.jar;C:\Users\minal\.m2\repository\org\testng\testng\6.7\testng-6.7.jar;C:\Users\minal\.m2\repository\junit\junit\4.10\junit-4.10.jar;C:\Users\minal\.m2\repository\org\hamcrest\hamcrest-core\1.1\hamcrest-core-1.1.jar;C:\Users\minal\.m2\repository\org\beanshell\bsh\2.0b4\bsh-2.0b4.jar;C:\Users\minal\.m2\repository\com\beust\jcommander\1.12\jcommander-1.12.jar;C:\Users\minal\.m2\repository\org\yaml\snakeyaml\1.6\snakeyaml-1.6.jar;C:\Users\minal\.m2\repository\org\apache\logging\log4j\log4j-api\2.14.1\log4j-api-2.14.1.jar;C:\Users\minal\.m2\repository\org\apache\logging\log4j\log4j-core\2.14.1\log4j-core-2.14.1.jar;"/>
    <property name="java.vm.vendor" value="Oracle Corporation"/>
    <property name="sun.arch.data.model" value="64"/>
    <property name="user.variant" value=""/>
    <property name="java.vendor.url" value="http://java.oracle.com/"/>
    <property name="user.timezone" value="America/New_York"/>
    <property name="java.vm.specification.version" value="1.8"/>
    <property name="os.name" value="Windows 10"/>
    <property name="user.country" value="CA"/>
    <property name="sun.java.launcher" value="SUN_STANDARD"/>
    <property name="sun.boot.library.path" value="C:\Program Files\Java\jdk1.8.0_301\jre\bin"/>
    <property name="sun.java.command" value="C:\Windows\Temp\surefire7104508367768157553\surefirebooter3318835666165054122.jar C:\Windows\Temp\surefire7104508367768157553 2021-09-12T21-58-41_450-jvmRun1 surefire1354610846965599933tmp surefire_01211243406393121438tmp"/>
    <property name="surefire.test.class.path" value="C:\Users\minal\workspace\End2EndProject\target\test-classes;C:\Users\minal\workspace\End2EndProject\target\classes;C:\Users\minal\.m2\repository\com\aventstack\extentreports\5.0.8\extentreports-5.0.8.jar;C:\Users\minal\.m2\repository\io\reactivex\rxjava3\rxjava\3.0.4\rxjava-3.0.4.jar;C:\Users\minal\.m2\repository\org\reactivestreams\reactive-streams\1.0.3\reactive-streams-1.0.3.jar;C:\Users\minal\.m2\repository\org\freemarker\freemarker\2.3.30\freemarker-2.3.30.jar;C:\Users\minal\.m2\repository\org\projectlombok\lombok\1.18.12\lombok-1.18.12.jar;C:\Users\minal\.m2\repository\com\google\code\gson\gson\2.8.6\gson-2.8.6.jar;C:\Users\minal\.m2\repository\commons-io\commons-io\2.11.0\commons-io-2.11.0.jar;C:\Users\minal\.m2\repository\org\seleniumhq\selenium\selenium-java\4.0.0-rc-1\selenium-java-4.0.0-rc-1.jar;C:\Users\minal\.m2\repository\org\seleniumhq\selenium\selenium-api\4.0.0-rc-1\selenium-api-4.0.0-rc-1.jar;C:\Users\minal\.m2\repository\org\seleniumhq\selenium\selenium-chrome-driver\4.0.0-rc-1\selenium-chrome-driver-4.0.0-rc-1.jar;C:\Users\minal\.m2\repository\com\google\auto\service\auto-service-annotations\1.0\auto-service-annotations-1.0.jar;C:\Users\minal\.m2\repository\com\google\auto\service\auto-service\1.0\auto-service-1.0.jar;C:\Users\minal\.m2\repository\com\google\auto\auto-common\1.0\auto-common-1.0.jar;C:\Users\minal\.m2\repository\com\google\guava\guava\30.1.1-jre\guava-30.1.1-jre.jar;C:\Users\minal\.m2\repository\com\google\guava\failureaccess\1.0.1\failureaccess-1.0.1.jar;C:\Users\minal\.m2\repository\com\google\guava\listenablefuture\9999.0-empty-to-avoid-conflict-with-guava\listenablefuture-9999.0-empty-to-avoid-conflict-with-guava.jar;C:\Users\minal\.m2\repository\com\google\code\findbugs\jsr305\3.0.2\jsr305-3.0.2.jar;C:\Users\minal\.m2\repository\org\checkerframework\checker-qual\3.8.0\checker-qual-3.8.0.jar;C:\Users\minal\.m2\repository\com\google\errorprone\error_prone_annotations\2.5.1\error_prone_annotations-2.5.1.jar;C:\Users\minal\.m2\repository\com\google\j2objc\j2objc-annotations\1.3\j2objc-annotations-1.3.jar;C:\Users\minal\.m2\repository\org\seleniumhq\selenium\selenium-chromium-driver\4.0.0-rc-1\selenium-chromium-driver-4.0.0-rc-1.jar;C:\Users\minal\.m2\repository\org\seleniumhq\selenium\selenium-devtools\4.0.0-rc-1\selenium-devtools-4.0.0-rc-1.jar;C:\Users\minal\.m2\repository\org\seleniumhq\selenium\selenium-http\4.0.0-rc-1\selenium-http-4.0.0-rc-1.jar;C:\Users\minal\.m2\repository\org\seleniumhq\selenium\selenium-json\4.0.0-rc-1\selenium-json-4.0.0-rc-1.jar;C:\Users\minal\.m2\repository\org\seleniumhq\selenium\selenium-devtools-v85\4.0.0-rc-1\selenium-devtools-v85-4.0.0-rc-1.jar;C:\Users\minal\.m2\repository\org\seleniumhq\selenium\selenium-devtools-v92\4.0.0-rc-1\selenium-devtools-v92-4.0.0-rc-1.jar;C:\Users\minal\.m2\repository\org\seleniumhq\selenium\selenium-devtools-v93\4.0.0-rc-1\selenium-devtools-v93-4.0.0-rc-1.jar;C:\Users\minal\.m2\repository\org\seleniumhq\selenium\selenium-edge-driver\4.0.0-rc-1\selenium-edge-driver-4.0.0-rc-1.jar;C:\Users\minal\.m2\repository\org\seleniumhq\selenium\selenium-firefox-driver\4.0.0-rc-1\selenium-firefox-driver-4.0.0-rc-1.jar;C:\Users\minal\.m2\repository\org\seleniumhq\selenium\selenium-firefox-xpi-driver\4.0.0-rc-1\selenium-firefox-xpi-driver-4.0.0-rc-1.jar;C:\Users\minal\.m2\repository\org\seleniumhq\selenium\selenium-ie-driver\4.0.0-rc-1\selenium-ie-driver-4.0.0-rc-1.jar;C:\Users\minal\.m2\repository\org\seleniumhq\selenium\selenium-opera-driver\4.0.0-rc-1\selenium-opera-driver-4.0.0-rc-1.jar;C:\Users\minal\.m2\repository\org\seleniumhq\selenium\selenium-remote-driver\4.0.0-rc-1\selenium-remote-driver-4.0.0-rc-1.jar;C:\Users\minal\.m2\repository\io\netty\netty-buffer\4.1.67.Final\netty-buffer-4.1.67.Final.jar;C:\Users\minal\.m2\repository\io\netty\netty-codec-http\4.1.67.Final\netty-codec-http-4.1.67.Final.jar;C:\Users\minal\.m2\repository\io\netty\netty-codec\4.1.67.Final\netty-codec-4.1.67.Final.jar;C:\Users\minal\.m2\repository\io\netty\netty-handler\4.1.67.Final\netty-handler-4.1.67.Final.jar;C:\Users\minal\.m2\repository\io\netty\netty-common\4.1.67.Final\netty-common-4.1.67.Final.jar;C:\Users\minal\.m2\repository\io\netty\netty-transport-native-epoll\4.1.67.Final\netty-transport-native-epoll-4.1.67.Final.jar;C:\Users\minal\.m2\repository\io\netty\netty-transport-native-kqueue\4.1.67.Final\netty-transport-native-kqueue-4.1.67.Final.jar;C:\Users\minal\.m2\repository\io\netty\netty-transport-native-unix-common\4.1.67.Final\netty-transport-native-unix-common-4.1.67.Final.jar;C:\Users\minal\.m2\repository\io\netty\netty-transport\4.1.67.Final\netty-transport-4.1.67.Final.jar;C:\Users\minal\.m2\repository\io\netty\netty-resolver\4.1.67.Final\netty-resolver-4.1.67.Final.jar;C:\Users\minal\.m2\repository\io\opentelemetry\opentelemetry-api\1.5.0\opentelemetry-api-1.5.0.jar;C:\Users\minal\.m2\repository\io\opentelemetry\opentelemetry-context\1.5.0\opentelemetry-context-1.5.0.jar;C:\Users\minal\.m2\repository\io\opentelemetry\opentelemetry-exporter-logging\1.5.0\opentelemetry-exporter-logging-1.5.0.jar;C:\Users\minal\.m2\repository\io\opentelemetry\opentelemetry-sdk-metrics\1.5.0-alpha\opentelemetry-sdk-metrics-1.5.0-alpha.jar;C:\Users\minal\.m2\repository\io\opentelemetry\opentelemetry-sdk-common\1.5.0\opentelemetry-sdk-common-1.5.0.jar;C:\Users\minal\.m2\repository\io\opentelemetry\opentelemetry-sdk-extension-autoconfigure\1.5.0-alpha\opentelemetry-sdk-extension-autoconfigure-1.5.0-alpha.jar;C:\Users\minal\.m2\repository\io\opentelemetry\opentelemetry-sdk-trace\1.5.0\opentelemetry-sdk-trace-1.5.0.jar;C:\Users\minal\.m2\repository\io\opentelemetry\opentelemetry-api-metrics\1.5.0-alpha\opentelemetry-api-metrics-1.5.0-alpha.jar;C:\Users\minal\.m2\repository\io\opentelemetry\opentelemetry-sdk\1.5.0\opentelemetry-sdk-1.5.0.jar;C:\Users\minal\.m2\repository\io\opentelemetry\opentelemetry-semconv\1.5.0-alpha\opentelemetry-semconv-1.5.0-alpha.jar;C:\Users\minal\.m2\repository\io\ous\jtoml\2.0.0\jtoml-2.0.0.jar;C:\Users\minal\.m2\repository\net\bytebuddy\byte-buddy\1.11.13\byte-buddy-1.11.13.jar;C:\Users\minal\.m2\repository\org\apache\commons\commons-exec\1.3\commons-exec-1.3.jar;C:\Users\minal\.m2\repository\org\asynchttpclient\async-http-client\2.12.3\async-http-client-2.12.3.jar;C:\Users\minal\.m2\repository\org\asynchttpclient\async-http-client-netty-utils\2.12.3\async-http-client-netty-utils-2.12.3.jar;C:\Users\minal\.m2\repository\io\netty\netty-codec-socks\4.1.60.Final\netty-codec-socks-4.1.60.Final.jar;C:\Users\minal\.m2\repository\io\netty\netty-handler-proxy\4.1.60.Final\netty-handler-proxy-4.1.60.Final.jar;C:\Users\minal\.m2\repository\io\netty\netty-transport-native-epoll\4.1.60.Final\netty-transport-native-epoll-4.1.60.Final-linux-x86_64.jar;C:\Users\minal\.m2\repository\io\netty\netty-transport-native-kqueue\4.1.60.Final\netty-transport-native-kqueue-4.1.60.Final-osx-x86_64.jar;C:\Users\minal\.m2\repository\com\typesafe\netty\netty-reactive-streams\2.0.4\netty-reactive-streams-2.0.4.jar;C:\Users\minal\.m2\repository\org\slf4j\slf4j-api\1.7.30\slf4j-api-1.7.30.jar;C:\Users\minal\.m2\repository\com\sun\activation\jakarta.activation\1.2.2\jakarta.activation-1.2.2.jar;C:\Users\minal\.m2\repository\org\seleniumhq\selenium\selenium-safari-driver\4.0.0-rc-1\selenium-safari-driver-4.0.0-rc-1.jar;C:\Users\minal\.m2\repository\org\seleniumhq\selenium\selenium-support\4.0.0-rc-1\selenium-support-4.0.0-rc-1.jar;C:\Users\minal\.m2\repository\org\testng\testng\6.7\testng-6.7.jar;C:\Users\minal\.m2\repository\junit\junit\4.10\junit-4.10.jar;C:\Users\minal\.m2\repository\org\hamcrest\hamcrest-core\1.1\hamcrest-core-1.1.jar;C:\Users\minal\.m2\repository\org\beanshell\bsh\2.0b4\bsh-2.0b4.jar;C:\Users\minal\.m2\repository\com\beust\jcommander\1.12\jcommander-1.12.jar;C:\Users\minal\.m2\repository\org\yaml\snakeyaml\1.6\snakeyaml-1.6.jar;C:\Users\minal\.m2\repository\org\apache\logging\log4j\log4j-api\2.14.1\log4j-api-2.14.1.jar;C:\Users\minal\.m2\repository\org\apache\logging\log4j\log4j-core\2.14.1\log4j-core-2.14.1.jar;"/>
    <property name="sun.cpu.endian" value="little"/>
    <property name="user.home" value="C:\Users\minal"/>
    <property name="user.language" value="en"/>
    <property name="java.specification.vendor" value="Oracle Corporation"/>
    <property name="java.home" value="C:\Program Files\Java\jdk1.8.0_301\jre"/>
    <property name="basedir" value="C:\Users\minal\workspace\End2EndProject"/>
    <property name="file.separator" value="\"/>
    <property name="line.separator" value="&#10;"/>
    <property name="java.vm.specification.vendor" value="Oracle Corporation"/>
    <property name="java.specification.name" value="Java Platform API Specification"/>
    <property name="java.awt.graphicsenv" value="sun.awt.Win32GraphicsEnvironment"/>
    <property name="surefire.real.class.path" value="C:\Windows\Temp\surefire7104508367768157553\surefirebooter3318835666165054122.jar"/>
    <property name="sun.boot.class.path" value="C:\Program Files\Java\jdk1.8.0_301\jre\lib\resources.jar;C:\Program Files\Java\jdk1.8.0_301\jre\lib\rt.jar;C:\Program Files\Java\jdk1.8.0_301\jre\lib\sunrsasign.jar;C:\Program Files\Java\jdk1.8.0_301\jre\lib\jsse.jar;C:\Program Files\Java\jdk1.8.0_301\jre\lib\jce.jar;C:\Program Files\Java\jdk1.8.0_301\jre\lib\charsets.jar;C:\Program Files\Java\jdk1.8.0_301\jre\lib\jfr.jar;C:\Program Files\Java\jdk1.8.0_301\jre\classes"/>
    <property name="user.script" value=""/>
    <property name="sun.management.compiler" value="HotSpot 64-Bit Tiered Compilers"/>
    <property name="java.runtime.version" value="1.8.0_301-b09"/>
    <property name="user.name" value="minal"/>
    <property name="path.separator" value=";"/>
    <property name="os.version" value="10.0"/>
    <property name="java.endorsed.dirs" value="C:\Program Files\Java\jdk1.8.0_301\jre\lib\endorsed"/>
    <property name="java.runtime.name" value="Java(TM) SE Runtime Environment"/>
    <property name="file.encoding" value="Cp1252"/>
    <property name="sun.nio.ch.bugLevel" value=""/>
    <property name="java.vm.name" value="Java HotSpot(TM) 64-Bit Server VM"/>
    <property name="localRepository" value="C:\Users\minal\.m2\repository"/>
    <property name="java.vendor.url.bug" value="http://bugreport.sun.com/bugreport/"/>
    <property name="java.io.tmpdir" value="C:\WINDOWS\TEMP\"/>
    <property name="java.version" value="1.8.0_301"/>
    <property name="user.dir" value="C:\Users\minal\workspace\End2EndProject"/>
    <property name="os.arch" value="amd64"/>
    <property name="java.vm.specification.name" value="Java Virtual Machine Specification"/>
    <property name="java.awt.printerjob" value="sun.awt.windows.WPrinterJob"/>
    <property name="sun.os.patch.level" value=""/>
    <property name="java.library.path" value="C:\Program Files\Java\jdk1.8.0_301\jre\bin;C:\WINDOWS\Sun\Java\bin;C:\WINDOWS\system32;C:\WINDOWS;C:/Program Files/Java/jre1.8.0_301/bin/server;C:/Program Files/Java/jre1.8.0_301/bin;C:/Program Files/Java/jre1.8.0_301/lib/amd64;C:\Program Files\Common Files\Oracle\Java\javapath;C:\ProgramData\Oracle\Java\javapath;C:\Program Files\Microsoft MPI\Bin\;C:\Program Files (x86)\Intel\Intel(R) Management Engine Components\iCLS\;C:\Program Files\Intel\Intel(R) Management Engine Components\iCLS\;C:\Program Files (x86)\Common Files\Oracle\Java\javapath;C:\WINDOWS\system32;C:\WINDOWS;C:\WINDOWS\System32\Wbem;C:\WINDOWS\System32\WindowsPowerShell\v1.0\;C:\WINDOWS\System32\OpenSSH\;C:\Program Files (x86)\Intel\Intel(R) Management Engine Components\DAL;C:\Program Files\Intel\Intel(R) Management Engine Components\DAL;C:\Program Files\dotnet\;C:\Program Files\Microsoft SQL Server\130\Tools\Binn\;C:\Program Files (x86)\Microsoft SQL Server\140\Tools\Binn\;C:\Program Files\Microsoft SQL Server\Client SDK\ODBC\130\Tools\Binn\;C:\Program Files\Microsoft SQL Server\140\Tools\Binn\;C:\Program Files\Microsoft SQL Server\140\DTS\Binn\;C:\Android;C:\Windows\System32;C:\Program Files\Microsoft SQL Server\Client SDK\ODBC\170\Tools\Binn\;C:\Program Files (x86)\Windows Kits\10\Windows Performance Toolkit\;C:\Program Files\Java\jdk1.8.0_181\bin;C:\xampp\php;C:\Composer;C:\Program Files\nodejs\;C:\Program Files\Git\cmd;C:\Program Files\Java\jdk1.8.0_301\bin;C:\Users\minal\Videos\Selenium\apache-maven-3.8.2\bin;C:\Program Files\MySQL\MySQL Shell 8.0\bin\;C:\Users\minal\AppData\Roaming\Composer\vendor\bin;C:\Users\minal\AppData\Local\Programs\Microsoft VS Code\bin;C:\Users\minal\AppData\Roaming\npm;C:\Users\minal\AppData\Local\Microsoft\WindowsApps;C:\Program Files\heroku\bin;;C:\Users\minal\Downloads\eclipse-java-luna-SR2-win32-x86_64\eclipse;;."/>
    <property name="java.vm.info" value="mixed mode"/>
    <property name="java.vendor" value="Oracle Corporation"/>
    <property name="java.vm.version" value="25.301-b09"/>
    <property name="java.ext.dirs" value="C:\Program Files\Java\jdk1.8.0_301\jre\lib\ext;C:\WINDOWS\Sun\Java\lib\ext"/>
    <property name="sun.io.unicode.encoding" value="UnicodeLittle"/>
    <property name="java.class.version" value="52.0"/>
  </properties>
  <testcase name="basepageNavigation[nonrestricteduser@gmail.com, 1234560, Non Restricted user](1)" classname="FinalProject.End2EndProject.HomePage" time="6.837">
    <system-out><![CDATA[Chrome Browser
]]></system-out>
    <system-err><![CDATA[SLF4J: Failed to load class "org.slf4j.impl.StaticLoggerBinder".
SLF4J: Defaulting to no-operation (NOP) logger implementation
SLF4J: See http://www.slf4j.org/codes.html#StaticLoggerBinder for further details.
Starting ChromeDriver 92.0.4515.107 (87a818b10553a07434ea9e2b6dccf3cbe7895134-refs/branch-heads/4515@{#1634}) on port 2495
Only local connections are allowed.
Please see https://chromedriver.chromium.org/security-considerations for suggestions on keeping ChromeDriver safe.
ChromeDriver was started successfully.
Sep 12, 2021 9:58:48 PM org.openqa.selenium.remote.ProtocolHandshake createSession
INFO: Detected dialect: W3C
Sep 12, 2021 9:58:48 PM org.openqa.selenium.devtools.CdpVersionFinder findNearestMatch
INFO: Found exact CDP implementation for version 92
]]></system-err>
  </testcase>
  <testcase name="basepageNavigation[restricteduser@gmail.com, 1234560, Restricted user](2)" classname="FinalProject.End2EndProject.HomePage" time="2.975"/>
  <testcase name="TitleValidation" classname="FinalProject.End2EndProject.ValidateTitle" time="0.03">
    <failure message="expected [FEATURED COURSES11] but found [FEATURED COURSES]" type="java.lang.AssertionError"><![CDATA[java.lang.AssertionError: expected [FEATURED COURSES11] but found [FEATURED COURSES]
	at FinalProject.End2EndProject.ValidateTitle.TitleValidation(ValidateTitle.java:28)
]]></failure>
    <system-out><![CDATA[Chrome Browser
]]></system-out>
    <system-err><![CDATA[Starting ChromeDriver 92.0.4515.107 (87a818b10553a07434ea9e2b6dccf3cbe7895134-refs/branch-heads/4515@{#1634}) on port 10942
Only local connections are allowed.
Please see https://chromedriver.chromium.org/security-considerations for suggestions on keeping ChromeDriver safe.
ChromeDriver was started successfully.
Sep 12, 2021 9:59:00 PM org.openqa.selenium.remote.ProtocolHandshake createSession
INFO: Detected dialect: W3C
Sep 12, 2021 9:59:00 PM org.openqa.selenium.devtools.CdpVersionFinder findNearestMatch
INFO: Found exact CDP implementation for version 92
]]></system-err>
  </testcase>
  <testcase name="ValidateURLContent" classname="FinalProject.End2EndProject.ValidateMovingURL" time="0.059">
    <system-out><![CDATA[Chrome Browser
]]></system-out>
    <system-err><![CDATA[Starting ChromeDriver 92.0.4515.107 (87a818b10553a07434ea9e2b6dccf3cbe7895134-refs/branch-heads/4515@{#1634}) on port 40618
Only local connections are allowed.
Please see https://chromedriver.chromium.org/security-considerations for suggestions on keeping ChromeDriver safe.
ChromeDriver was started successfully.
Sep 12, 2021 9:59:06 PM org.openqa.selenium.remote.ProtocolHandshake createSession
INFO: Detected dialect: W3C
Sep 12, 2021 9:59:06 PM org.openqa.selenium.devtools.CdpVersionFinder findNearestMatch
INFO: Found exact CDP implementation for version 92
]]></system-err>
  </testcase>
  <testcase name="NavigationBarValidation" classname="FinalProject.End2EndProject.ValidateNavigationBar" time="0.055">
    <system-out><![CDATA[Chrome Browser
]]></system-out>
    <system-err><![CDATA[Starting ChromeDriver 92.0.4515.107 (87a818b10553a07434ea9e2b6dccf3cbe7895134-refs/branch-heads/4515@{#1634}) on port 14084
Only local connections are allowed.
Please see https://chromedriver.chromium.org/security-considerations for suggestions on keeping ChromeDriver safe.
ChromeDriver was started successfully.
Sep 12, 2021 9:59:12 PM org.openqa.selenium.remote.ProtocolHandshake createSession
INFO: Detected dialect: W3C
Sep 12, 2021 9:59:12 PM org.openqa.selenium.devtools.CdpVersionFinder findNearestMatch
INFO: Found exact CDP implementation for version 92
]]></system-err>
  </testcase>
</testsuite>