<?xml version="1.0" encoding="UTF-8"?>
<!-- Generated by org.testng.reporters.JUnitReportReporter -->
<testsuite hostname="LAPTOP-QUA0A7LP" name="FinalProject.End2EndProject.ValidateNavigationBar" tests="1" failures="0" timestamp="12 Sep 2021 01:01:11 GMT" time="0.059" errors="0">
  <testcase name="NavigationBarValidation" time="0.059" classname="FinalProject.End2EndProject.ValidateNavigationBar"/>
</testsuite> <!-- FinalProject.End2EndProject.ValidateNavigationBar -->
