<?xml version="1.0" encoding="UTF-8"?>
<!-- Generated by org.testng.reporters.JUnitReportReporter -->
<testsuite hostname="LAPTOP-QUA0A7LP" name="FinalProject.End2EndProject.ValidateTitle" tests="1" failures="0" timestamp="12 Sep 2021 03:49:29 GMT" time="0.078" errors="0">
  <testcase name="TitleValidation" time="0.078" classname="FinalProject.End2EndProject.ValidateTitle"/>
</testsuite> <!-- FinalProject.End2EndProject.ValidateTitle -->
