<?xml version="1.0" encoding="UTF-8"?>
<!-- Generated by org.testng.reporters.JUnitReportReporter -->
<testsuite hostname="LAPTOP-QUA0A7LP" name="FinalProject.End2EndProject.HomePage" tests="2" failures="0" timestamp="12 Sep 2021 04:18:01 GMT" time="11.387" errors="0">
  <testcase name="basepageNavigation" time="3.882" classname="FinalProject.End2EndProject.HomePage"/>
  <testcase name="basepageNavigation" time="7.505" classname="FinalProject.End2EndProject.HomePage"/>
</testsuite> <!-- FinalProject.End2EndProject.HomePage -->
