<?xml version="1.0" encoding="UTF-8"?>
<!-- Generated by org.testng.reporters.JUnitReportReporter -->
<testsuite hostname="LAPTOP-QUA0A7LP" name="FinalProject.End2EndProject.HomePage" tests="2" failures="0" timestamp="9 Sep 2021 07:13:35 GMT" time="27.496" errors="0">
  <testcase name="basepageNavigation" time="9.222" classname="FinalProject.End2EndProject.HomePage"/>
  <testcase name="basepageNavigation" time="18.274" classname="FinalProject.End2EndProject.HomePage"/>
</testsuite> <!-- FinalProject.End2EndProject.HomePage -->
