<?xml version="1.0" encoding="UTF-8"?>
<!-- Generated by org.testng.reporters.JUnitReportReporter -->
<testsuite hostname="LAPTOP-QUA0A7LP" name="FinalProject.End2EndProject.HomePage" tests="2" failures="0" timestamp="13 Sep 2021 04:58:09 GMT" time="10.342" errors="0">
  <testcase name="basepageNavigation" time="2.821" classname="FinalProject.End2EndProject.HomePage"/>
  <testcase name="basepageNavigation" time="7.521" classname="FinalProject.End2EndProject.HomePage"/>
</testsuite> <!-- FinalProject.End2EndProject.HomePage -->
