<?xml version="1.0" encoding="UTF-8"?>
<!-- Generated by org.testng.reporters.JUnitReportReporter -->
<testsuite hostname="LAPTOP-QUA0A7LP" name="FinalProject.End2EndProject.HomePage" tests="2" failures="0" timestamp="13 Sep 2021 06:19:12 GMT" time="10.015" errors="0">
  <testcase name="basepageNavigation" time="2.974" classname="FinalProject.End2EndProject.HomePage"/>
  <testcase name="basepageNavigation" time="7.041" classname="FinalProject.End2EndProject.HomePage"/>
</testsuite> <!-- FinalProject.End2EndProject.HomePage -->
