<?xml version="1.0" encoding="UTF-8"?>
<!-- Generated by org.testng.reporters.JUnitReportReporter -->
<testsuite hostname="LAPTOP-QUA0A7LP" name="FinalProject.End2EndProject.HomePage" tests="2" failures="0" timestamp="12 Sep 2021 07:56:25 GMT" time="11.286" errors="0">
  <testcase name="basepageNavigation" time="3.815" classname="FinalProject.End2EndProject.HomePage"/>
  <testcase name="basepageNavigation" time="7.471" classname="FinalProject.End2EndProject.HomePage"/>
</testsuite> <!-- FinalProject.End2EndProject.HomePage -->
