<?xml version="1.0" encoding="UTF-8"?>
<!-- Generated by org.testng.reporters.JUnitReportReporter -->
<testsuite hostname="LAPTOP-QUA0A7LP" name="FinalProject.End2EndProject.ValidateMovingURL" tests="1" failures="0" timestamp="13 Sep 2021 01:59:18 GMT" time="0.078" errors="0">
  <testcase name="ValidateURLContent" time="0.078" classname="FinalProject.End2EndProject.ValidateMovingURL"/>
</testsuite> <!-- FinalProject.End2EndProject.ValidateMovingURL -->
